<?xml version="1.0" encoding="UTF-8"?>
<!-- Generated by org.testng.reporters.JUnitXMLReporter -->
<testsuite ignored="0" hostname="DESKTOP-TECLDAM" failures="0" tests="3" name="TestRunner-1" time="62.483" errors="0" timestamp="2021-08-24T16:50:00 IST">
  <testcase classname="com.vtiger.comcast.producttest.Search_Product" name="createProductTest" time="13.938"/>
  <testcase classname="com.vtiger.comcast.producttest.Search_Product" name="searchProductByCommissionRateTest" time="14.22"/>
  <testcase classname="com.vtiger.comcast.producttest.Search_Product" name="searchProductByPartnameTest" time="14.465"/>
</testsuite> <!-- TestRunner-1 -->
