<?xml version="1.0" encoding="UTF-8"?>
<!-- Generated by org.testng.reporters.JUnitXMLReporter -->
<testsuite ignored="0" hostname="DESKTOP-TECLDAM" failures="0" tests="3" name="TestRunner-2" time="62.498" errors="0" timestamp="2021-08-24T16:50:00 IST">
  <testcase classname="com.vtiger.comcast.producttest.Search_Product" name="createProductTest" time="13.551"/>
  <testcase classname="com.vtiger.comcast.producttest.Search_Product" name="searchProductByCommissionRateTest" time="13.283"/>
  <testcase classname="com.vtiger.comcast.producttest.Search_Product" name="searchProductByPartnameTest" time="13.936"/>
</testsuite> <!-- TestRunner-2 -->
