<?xml version="1.0" encoding="UTF-8"?>
<!-- Generated by org.testng.reporters.JUnitXMLReporter -->
<testsuite ignored="0" hostname="DESKTOP-TECLDAM" failures="0" tests="3" name="Test" time="46.013" errors="0" timestamp="2021-08-24T12:46:46 IST">
  <testcase classname="com.vtiger.comcast.producttest.Search_Product" name="createProductTest" time="10.471"/>
  <testcase classname="com.vtiger.comcast.producttest.Search_Product" name="searchProductByCommissionRateTest" time="9.557"/>
  <testcase classname="com.vtiger.comcast.producttest.Search_Product" name="searchProductByPartnameTest" time="9.31"/>
</testsuite> <!-- Test -->
